[0.056s] Invoking command in '/home/smartlab/tb3/build/turtlebot3_bringup': AMENT_PREFIX_PATH=/home/smartlab/tb3/install/turtlebot3_node:/home/smartlab/tb3/install/turtlebot3_description:${AMENT_PREFIX_PATH} CMAKE_PREFIX_PATH=/home/smartlab/tb3/install/turtlebot3_node:/home/smartlab/tb3/install/turtlebot3_description:/home/smartlab/turtlebot3_ws/install/turtlebot3:/home/smartlab/turtlebot3_ws/install/turtlebot3_simulations:/home/smartlab/turtlebot3_ws/install/turtlebot3_bringup:/home/smartlab/turtlebot3_ws/install/turtlebot3_node:/home/smartlab/turtlebot3_ws/install/turtlebot3_navigation2:/home/smartlab/turtlebot3_ws/install/turtlebot3_machine_learning:/home/smartlab/turtlebot3_ws/install/turtlebot3_fake_node:/home/smartlab/turtlebot3_ws/install/turtlebot3_msgs:/home/smartlab/turtlebot3_ws/install/turtlebot3_gazebo:/home/smartlab/turtlebot3_ws/install/turtlebot3_description:/home/smartlab/turtlebot3_ws/install/turtlebot3_cartographer:/home/smartlab/turtlebot3_ws/install/bot_gazebo:/home/smartlab/turtlebot3_ws/install/bot_description:/home/smartlab/turtlebot3_ws/install/bot_control:/home/smartlab/turtlebot3_ws/install/bot_cnn:/home/smartlab/wafflepi/install/wafflepi_recognition:/home/smartlab/wafflepi/install/wafflepi_machine_learning:/home/smartlab/wafflepi/install/wafflepi_msgs:/home/smartlab/wafflepi/install/wafflepi_gazebo:/home/smartlab/wafflepi/install/wafflepi_description:/home/smartlab/wafflepi/install/wafflepi_control:/home/smartlab/turtlebot3_ws/install/turtlebot3_teleop:/home/smartlab/turtlebot3_ws/install/turtlebot3_example:/home/smartlab/turtlebot3_ws/install/turtlebot3_dqn:/home/smartlab/wafflepi/install/wafflepi_dqn:/opt/ros/humble /usr/bin/cmake /home/smartlab/tb3/src/turtlebot3/turtlebot3_bringup -DCMAKE_INSTALL_PREFIX=/home/smartlab/tb3/install/turtlebot3_bringup
[0.087s] -- The C compiler identification is GNU 11.4.0
[0.117s] -- The CXX compiler identification is GNU 11.4.0
[0.121s] -- Detecting C compiler ABI info
[0.160s] -- Detecting C compiler ABI info - done
[0.164s] -- Check for working C compiler: /usr/bin/cc - skipped
[0.164s] -- Detecting C compile features
[0.164s] -- Detecting C compile features - done
[0.166s] -- Detecting CXX compiler ABI info
[0.210s] -- Detecting CXX compiler ABI info - done
[0.215s] -- Check for working CXX compiler: /usr/bin/c++ - skipped
[0.215s] -- Detecting CXX compile features
[0.215s] -- Detecting CXX compile features - done
[0.231s] -- Found ament_cmake: 1.3.6 (/opt/ros/humble/share/ament_cmake/cmake)
[0.341s] -- Found Python3: /usr/bin/python3.10 (found version "3.10.12") found components: Interpreter 
[0.443s] -- Configuring done
[0.444s] -- Generating done
[0.444s] -- Build files have been written to: /home/smartlab/tb3/build/turtlebot3_bringup
[0.447s] Invoked command in '/home/smartlab/tb3/build/turtlebot3_bringup' returned '0': AMENT_PREFIX_PATH=/home/smartlab/tb3/install/turtlebot3_node:/home/smartlab/tb3/install/turtlebot3_description:${AMENT_PREFIX_PATH} CMAKE_PREFIX_PATH=/home/smartlab/tb3/install/turtlebot3_node:/home/smartlab/tb3/install/turtlebot3_description:/home/smartlab/turtlebot3_ws/install/turtlebot3:/home/smartlab/turtlebot3_ws/install/turtlebot3_simulations:/home/smartlab/turtlebot3_ws/install/turtlebot3_bringup:/home/smartlab/turtlebot3_ws/install/turtlebot3_node:/home/smartlab/turtlebot3_ws/install/turtlebot3_navigation2:/home/smartlab/turtlebot3_ws/install/turtlebot3_machine_learning:/home/smartlab/turtlebot3_ws/install/turtlebot3_fake_node:/home/smartlab/turtlebot3_ws/install/turtlebot3_msgs:/home/smartlab/turtlebot3_ws/install/turtlebot3_gazebo:/home/smartlab/turtlebot3_ws/install/turtlebot3_description:/home/smartlab/turtlebot3_ws/install/turtlebot3_cartographer:/home/smartlab/turtlebot3_ws/install/bot_gazebo:/home/smartlab/turtlebot3_ws/install/bot_description:/home/smartlab/turtlebot3_ws/install/bot_control:/home/smartlab/turtlebot3_ws/install/bot_cnn:/home/smartlab/wafflepi/install/wafflepi_recognition:/home/smartlab/wafflepi/install/wafflepi_machine_learning:/home/smartlab/wafflepi/install/wafflepi_msgs:/home/smartlab/wafflepi/install/wafflepi_gazebo:/home/smartlab/wafflepi/install/wafflepi_description:/home/smartlab/wafflepi/install/wafflepi_control:/home/smartlab/turtlebot3_ws/install/turtlebot3_teleop:/home/smartlab/turtlebot3_ws/install/turtlebot3_example:/home/smartlab/turtlebot3_ws/install/turtlebot3_dqn:/home/smartlab/wafflepi/install/wafflepi_dqn:/opt/ros/humble /usr/bin/cmake /home/smartlab/tb3/src/turtlebot3/turtlebot3_bringup -DCMAKE_INSTALL_PREFIX=/home/smartlab/tb3/install/turtlebot3_bringup
[0.448s] Invoking command in '/home/smartlab/tb3/build/turtlebot3_bringup': AMENT_PREFIX_PATH=/home/smartlab/tb3/install/turtlebot3_node:/home/smartlab/tb3/install/turtlebot3_description:${AMENT_PREFIX_PATH} CMAKE_PREFIX_PATH=/home/smartlab/tb3/install/turtlebot3_node:/home/smartlab/tb3/install/turtlebot3_description:/home/smartlab/turtlebot3_ws/install/turtlebot3:/home/smartlab/turtlebot3_ws/install/turtlebot3_simulations:/home/smartlab/turtlebot3_ws/install/turtlebot3_bringup:/home/smartlab/turtlebot3_ws/install/turtlebot3_node:/home/smartlab/turtlebot3_ws/install/turtlebot3_navigation2:/home/smartlab/turtlebot3_ws/install/turtlebot3_machine_learning:/home/smartlab/turtlebot3_ws/install/turtlebot3_fake_node:/home/smartlab/turtlebot3_ws/install/turtlebot3_msgs:/home/smartlab/turtlebot3_ws/install/turtlebot3_gazebo:/home/smartlab/turtlebot3_ws/install/turtlebot3_description:/home/smartlab/turtlebot3_ws/install/turtlebot3_cartographer:/home/smartlab/turtlebot3_ws/install/bot_gazebo:/home/smartlab/turtlebot3_ws/install/bot_description:/home/smartlab/turtlebot3_ws/install/bot_control:/home/smartlab/turtlebot3_ws/install/bot_cnn:/home/smartlab/wafflepi/install/wafflepi_recognition:/home/smartlab/wafflepi/install/wafflepi_machine_learning:/home/smartlab/wafflepi/install/wafflepi_msgs:/home/smartlab/wafflepi/install/wafflepi_gazebo:/home/smartlab/wafflepi/install/wafflepi_description:/home/smartlab/wafflepi/install/wafflepi_control:/home/smartlab/turtlebot3_ws/install/turtlebot3_teleop:/home/smartlab/turtlebot3_ws/install/turtlebot3_example:/home/smartlab/turtlebot3_ws/install/turtlebot3_dqn:/home/smartlab/wafflepi/install/wafflepi_dqn:/opt/ros/humble /usr/bin/cmake --build /home/smartlab/tb3/build/turtlebot3_bringup -- -j16 -l16
[0.469s] Invoked command in '/home/smartlab/tb3/build/turtlebot3_bringup' returned '0': AMENT_PREFIX_PATH=/home/smartlab/tb3/install/turtlebot3_node:/home/smartlab/tb3/install/turtlebot3_description:${AMENT_PREFIX_PATH} CMAKE_PREFIX_PATH=/home/smartlab/tb3/install/turtlebot3_node:/home/smartlab/tb3/install/turtlebot3_description:/home/smartlab/turtlebot3_ws/install/turtlebot3:/home/smartlab/turtlebot3_ws/install/turtlebot3_simulations:/home/smartlab/turtlebot3_ws/install/turtlebot3_bringup:/home/smartlab/turtlebot3_ws/install/turtlebot3_node:/home/smartlab/turtlebot3_ws/install/turtlebot3_navigation2:/home/smartlab/turtlebot3_ws/install/turtlebot3_machine_learning:/home/smartlab/turtlebot3_ws/install/turtlebot3_fake_node:/home/smartlab/turtlebot3_ws/install/turtlebot3_msgs:/home/smartlab/turtlebot3_ws/install/turtlebot3_gazebo:/home/smartlab/turtlebot3_ws/install/turtlebot3_description:/home/smartlab/turtlebot3_ws/install/turtlebot3_cartographer:/home/smartlab/turtlebot3_ws/install/bot_gazebo:/home/smartlab/turtlebot3_ws/install/bot_description:/home/smartlab/turtlebot3_ws/install/bot_control:/home/smartlab/turtlebot3_ws/install/bot_cnn:/home/smartlab/wafflepi/install/wafflepi_recognition:/home/smartlab/wafflepi/install/wafflepi_machine_learning:/home/smartlab/wafflepi/install/wafflepi_msgs:/home/smartlab/wafflepi/install/wafflepi_gazebo:/home/smartlab/wafflepi/install/wafflepi_description:/home/smartlab/wafflepi/install/wafflepi_control:/home/smartlab/turtlebot3_ws/install/turtlebot3_teleop:/home/smartlab/turtlebot3_ws/install/turtlebot3_example:/home/smartlab/turtlebot3_ws/install/turtlebot3_dqn:/home/smartlab/wafflepi/install/wafflepi_dqn:/opt/ros/humble /usr/bin/cmake --build /home/smartlab/tb3/build/turtlebot3_bringup -- -j16 -l16
[0.481s] Invoking command in '/home/smartlab/tb3/build/turtlebot3_bringup': AMENT_PREFIX_PATH=/home/smartlab/tb3/install/turtlebot3_node:/home/smartlab/tb3/install/turtlebot3_description:${AMENT_PREFIX_PATH} CMAKE_PREFIX_PATH=/home/smartlab/tb3/install/turtlebot3_node:/home/smartlab/tb3/install/turtlebot3_description:/home/smartlab/turtlebot3_ws/install/turtlebot3:/home/smartlab/turtlebot3_ws/install/turtlebot3_simulations:/home/smartlab/turtlebot3_ws/install/turtlebot3_bringup:/home/smartlab/turtlebot3_ws/install/turtlebot3_node:/home/smartlab/turtlebot3_ws/install/turtlebot3_navigation2:/home/smartlab/turtlebot3_ws/install/turtlebot3_machine_learning:/home/smartlab/turtlebot3_ws/install/turtlebot3_fake_node:/home/smartlab/turtlebot3_ws/install/turtlebot3_msgs:/home/smartlab/turtlebot3_ws/install/turtlebot3_gazebo:/home/smartlab/turtlebot3_ws/install/turtlebot3_description:/home/smartlab/turtlebot3_ws/install/turtlebot3_cartographer:/home/smartlab/turtlebot3_ws/install/bot_gazebo:/home/smartlab/turtlebot3_ws/install/bot_description:/home/smartlab/turtlebot3_ws/install/bot_control:/home/smartlab/turtlebot3_ws/install/bot_cnn:/home/smartlab/wafflepi/install/wafflepi_recognition:/home/smartlab/wafflepi/install/wafflepi_machine_learning:/home/smartlab/wafflepi/install/wafflepi_msgs:/home/smartlab/wafflepi/install/wafflepi_gazebo:/home/smartlab/wafflepi/install/wafflepi_description:/home/smartlab/wafflepi/install/wafflepi_control:/home/smartlab/turtlebot3_ws/install/turtlebot3_teleop:/home/smartlab/turtlebot3_ws/install/turtlebot3_example:/home/smartlab/turtlebot3_ws/install/turtlebot3_dqn:/home/smartlab/wafflepi/install/wafflepi_dqn:/opt/ros/humble /usr/bin/cmake --install /home/smartlab/tb3/build/turtlebot3_bringup
[0.486s] -- Install configuration: ""
[0.486s] -- Installing: /home/smartlab/tb3/install/turtlebot3_bringup/share/turtlebot3_bringup/launch
[0.486s] -- Installing: /home/smartlab/tb3/install/turtlebot3_bringup/share/turtlebot3_bringup/launch/turtlebot3_state_publisher.launch.py
[0.486s] -- Installing: /home/smartlab/tb3/install/turtlebot3_bringup/share/turtlebot3_bringup/launch/robot.launch.py
[0.486s] -- Installing: /home/smartlab/tb3/install/turtlebot3_bringup/share/turtlebot3_bringup/launch/rviz2.launch.py
[0.486s] -- Installing: /home/smartlab/tb3/install/turtlebot3_bringup/share/turtlebot3_bringup/param
[0.486s] -- Installing: /home/smartlab/tb3/install/turtlebot3_bringup/share/turtlebot3_bringup/param/burger.yaml
[0.486s] -- Installing: /home/smartlab/tb3/install/turtlebot3_bringup/share/turtlebot3_bringup/param/waffle.yaml
[0.486s] -- Installing: /home/smartlab/tb3/install/turtlebot3_bringup/share/turtlebot3_bringup/param/waffle_pi.yaml
[0.486s] -- Installing: /home/smartlab/tb3/install/turtlebot3_bringup/share/turtlebot3_bringup/script
[0.486s] -- Installing: /home/smartlab/tb3/install/turtlebot3_bringup/share/turtlebot3_bringup/script/create_udev_rules
[0.486s] -- Installing: /home/smartlab/tb3/install/turtlebot3_bringup/share/turtlebot3_bringup/script/99-turtlebot3-cdc.rules
[0.486s] -- Installing: /home/smartlab/tb3/install/turtlebot3_bringup/share/ament_index/resource_index/package_run_dependencies/turtlebot3_bringup
[0.486s] -- Installing: /home/smartlab/tb3/install/turtlebot3_bringup/share/ament_index/resource_index/parent_prefix_path/turtlebot3_bringup
[0.486s] -- Installing: /home/smartlab/tb3/install/turtlebot3_bringup/share/turtlebot3_bringup/environment/ament_prefix_path.sh
[0.487s] -- Installing: /home/smartlab/tb3/install/turtlebot3_bringup/share/turtlebot3_bringup/environment/ament_prefix_path.dsv
[0.487s] -- Installing: /home/smartlab/tb3/install/turtlebot3_bringup/share/turtlebot3_bringup/environment/path.sh
[0.487s] -- Installing: /home/smartlab/tb3/install/turtlebot3_bringup/share/turtlebot3_bringup/environment/path.dsv
[0.487s] -- Installing: /home/smartlab/tb3/install/turtlebot3_bringup/share/turtlebot3_bringup/local_setup.bash
[0.487s] -- Installing: /home/smartlab/tb3/install/turtlebot3_bringup/share/turtlebot3_bringup/local_setup.sh
[0.487s] -- Installing: /home/smartlab/tb3/install/turtlebot3_bringup/share/turtlebot3_bringup/local_setup.zsh
[0.487s] -- Installing: /home/smartlab/tb3/install/turtlebot3_bringup/share/turtlebot3_bringup/local_setup.dsv
[0.487s] -- Installing: /home/smartlab/tb3/install/turtlebot3_bringup/share/turtlebot3_bringup/package.dsv
[0.487s] -- Installing: /home/smartlab/tb3/install/turtlebot3_bringup/share/ament_index/resource_index/packages/turtlebot3_bringup
[0.487s] -- Installing: /home/smartlab/tb3/install/turtlebot3_bringup/share/turtlebot3_bringup/cmake/turtlebot3_bringupConfig.cmake
[0.487s] -- Installing: /home/smartlab/tb3/install/turtlebot3_bringup/share/turtlebot3_bringup/cmake/turtlebot3_bringupConfig-version.cmake
[0.487s] -- Installing: /home/smartlab/tb3/install/turtlebot3_bringup/share/turtlebot3_bringup/package.xml
[0.488s] Invoked command in '/home/smartlab/tb3/build/turtlebot3_bringup' returned '0': AMENT_PREFIX_PATH=/home/smartlab/tb3/install/turtlebot3_node:/home/smartlab/tb3/install/turtlebot3_description:${AMENT_PREFIX_PATH} CMAKE_PREFIX_PATH=/home/smartlab/tb3/install/turtlebot3_node:/home/smartlab/tb3/install/turtlebot3_description:/home/smartlab/turtlebot3_ws/install/turtlebot3:/home/smartlab/turtlebot3_ws/install/turtlebot3_simulations:/home/smartlab/turtlebot3_ws/install/turtlebot3_bringup:/home/smartlab/turtlebot3_ws/install/turtlebot3_node:/home/smartlab/turtlebot3_ws/install/turtlebot3_navigation2:/home/smartlab/turtlebot3_ws/install/turtlebot3_machine_learning:/home/smartlab/turtlebot3_ws/install/turtlebot3_fake_node:/home/smartlab/turtlebot3_ws/install/turtlebot3_msgs:/home/smartlab/turtlebot3_ws/install/turtlebot3_gazebo:/home/smartlab/turtlebot3_ws/install/turtlebot3_description:/home/smartlab/turtlebot3_ws/install/turtlebot3_cartographer:/home/smartlab/turtlebot3_ws/install/bot_gazebo:/home/smartlab/turtlebot3_ws/install/bot_description:/home/smartlab/turtlebot3_ws/install/bot_control:/home/smartlab/turtlebot3_ws/install/bot_cnn:/home/smartlab/wafflepi/install/wafflepi_recognition:/home/smartlab/wafflepi/install/wafflepi_machine_learning:/home/smartlab/wafflepi/install/wafflepi_msgs:/home/smartlab/wafflepi/install/wafflepi_gazebo:/home/smartlab/wafflepi/install/wafflepi_description:/home/smartlab/wafflepi/install/wafflepi_control:/home/smartlab/turtlebot3_ws/install/turtlebot3_teleop:/home/smartlab/turtlebot3_ws/install/turtlebot3_example:/home/smartlab/turtlebot3_ws/install/turtlebot3_dqn:/home/smartlab/wafflepi/install/wafflepi_dqn:/opt/ros/humble /usr/bin/cmake --install /home/smartlab/tb3/build/turtlebot3_bringup
