[0.352s] Invoking command in '/home/smartlab/tb3/build/turtlebot3_node': CMAKE_PREFIX_PATH=${CMAKE_PREFIX_PATH}:/home/smartlab/turtlebot3_ws/install/turtlebot3_teleop:/home/smartlab/turtlebot3_ws/install/turtlebot3_example:/home/smartlab/turtlebot3_ws/install/turtlebot3_dqn:/home/smartlab/wafflepi/install/wafflepi_dqn:/opt/ros/humble /usr/bin/cmake /home/smartlab/tb3/src/turtlebot3/turtlebot3_node -DCMAKE_INSTALL_PREFIX=/home/smartlab/tb3/install/turtlebot3_node
[0.923s] -- The C compiler identification is GNU 11.4.0
[0.923s] -- The CXX compiler identification is GNU 11.4.0
[0.923s] -- Detecting C compiler ABI info
[0.923s] -- Detecting C compiler ABI info - done
[0.923s] -- Check for working C compiler: /usr/bin/cc - skipped
[0.923s] -- Detecting C compile features
[0.923s] -- Detecting C compile features - done
[0.923s] -- Detecting CXX compiler ABI info
[0.923s] -- Detecting CXX compiler ABI info - done
[0.924s] -- Check for working CXX compiler: /usr/bin/c++ - skipped
[0.924s] -- Detecting CXX compile features
[0.924s] -- Detecting CXX compile features - done
[0.924s] -- Found ament_cmake: 1.3.6 (/opt/ros/humble/share/ament_cmake/cmake)
[0.998s] -- Found Python3: /usr/bin/python3.10 (found version "3.10.12") found components: Interpreter 
[1.389s] -- Found dynamixel_sdk: 3.7.60 (/opt/ros/humble/share/dynamixel_sdk/cmake)
[1.423s] -- Found geometry_msgs: 4.2.3 (/opt/ros/humble/share/geometry_msgs/cmake)
[1.950s] -- Found rosidl_generator_c: 3.1.5 (/opt/ros/humble/share/rosidl_generator_c/cmake)
[2.079s] -- Found rosidl_adapter: 3.1.5 (/opt/ros/humble/share/rosidl_adapter/cmake)
[2.134s] -- Found rosidl_generator_cpp: 3.1.5 (/opt/ros/humble/share/rosidl_generator_cpp/cmake)
[2.198s] -- Using all available rosidl_typesupport_c: rosidl_typesupport_fastrtps_c;rosidl_typesupport_introspection_c
[2.303s] -- Using all available rosidl_typesupport_cpp: rosidl_typesupport_fastrtps_cpp;rosidl_typesupport_introspection_cpp
[2.574s] -- Found message_filters: 4.3.3 (/opt/ros/humble/share/message_filters/cmake)
[2.625s] -- Found rmw_implementation_cmake: 6.1.1 (/opt/ros/humble/share/rmw_implementation_cmake/cmake)
[2.628s] -- Found rmw_fastrtps_cpp: 6.2.5 (/opt/ros/humble/share/rmw_fastrtps_cpp/cmake)
[2.755s] -- Found OpenSSL: /usr/lib/x86_64-linux-gnu/libcrypto.so (found version "3.0.2")  
[2.776s] -- Found FastRTPS: /opt/ros/humble/include  
[2.807s] -- Using RMW implementation 'rmw_fastrtps_cpp' as default
[2.883s] -- Looking for pthread.h
[3.019s] -- Looking for pthread.h - found
[3.019s] -- Performing Test CMAKE_HAVE_LIBC_PTHREAD
[3.062s] -- Performing Test CMAKE_HAVE_LIBC_PTHREAD - Success
[3.062s] -- Found Threads: TRUE  
[3.254s] -- Found nav_msgs: 4.2.3 (/opt/ros/humble/share/nav_msgs/cmake)
[3.309s] -- Found sensor_msgs: 4.2.3 (/opt/ros/humble/share/sensor_msgs/cmake)
[3.382s] -- Found std_srvs: 4.2.3 (/opt/ros/humble/share/std_srvs/cmake)
[3.542s] -- Found tf2: 0.25.5 (/opt/ros/humble/share/tf2/cmake)
[3.603s] -- Found tf2_ros: 0.25.5 (/opt/ros/humble/share/tf2_ros/cmake)
[4.575s] -- Found turtlebot3_msgs: 2.2.3 (/home/smartlab/turtlebot3_ws/install/turtlebot3_msgs/share/turtlebot3_msgs/cmake)
[4.904s] -- Configuring done
[4.933s] -- Generating done
[4.934s] -- Build files have been written to: /home/smartlab/tb3/build/turtlebot3_node
[4.941s] Invoked command in '/home/smartlab/tb3/build/turtlebot3_node' returned '0': CMAKE_PREFIX_PATH=${CMAKE_PREFIX_PATH}:/home/smartlab/turtlebot3_ws/install/turtlebot3_teleop:/home/smartlab/turtlebot3_ws/install/turtlebot3_example:/home/smartlab/turtlebot3_ws/install/turtlebot3_dqn:/home/smartlab/wafflepi/install/wafflepi_dqn:/opt/ros/humble /usr/bin/cmake /home/smartlab/tb3/src/turtlebot3/turtlebot3_node -DCMAKE_INSTALL_PREFIX=/home/smartlab/tb3/install/turtlebot3_node
[4.942s] Invoking command in '/home/smartlab/tb3/build/turtlebot3_node': CMAKE_PREFIX_PATH=${CMAKE_PREFIX_PATH}:/home/smartlab/turtlebot3_ws/install/turtlebot3_teleop:/home/smartlab/turtlebot3_ws/install/turtlebot3_example:/home/smartlab/turtlebot3_ws/install/turtlebot3_dqn:/home/smartlab/wafflepi/install/wafflepi_dqn:/opt/ros/humble /usr/bin/cmake --build /home/smartlab/tb3/build/turtlebot3_node -- -j16 -l16
[4.972s] [ 42%] [32mBuilding CXX object CMakeFiles/turtlebot3_node_lib.dir/src/devices/reset.cpp.o[0m
[4.973s] [ 42%] [32mBuilding CXX object CMakeFiles/turtlebot3_node_lib.dir/src/diff_drive_controller.cpp.o[0m
[4.973s] [ 42%] [32mBuilding CXX object CMakeFiles/turtlebot3_node_lib.dir/src/odometry.cpp.o[0m
[4.973s] [ 42%] [32mBuilding CXX object CMakeFiles/turtlebot3_node_lib.dir/src/devices/motor_power.cpp.o[0m
[4.973s] [ 42%] [32mBuilding CXX object CMakeFiles/turtlebot3_node_lib.dir/src/sensors/battery_state.cpp.o[0m
[4.973s] [ 50%] [32mBuilding CXX object CMakeFiles/turtlebot3_node_lib.dir/src/sensors/imu.cpp.o[0m
[4.973s] [ 50%] [32mBuilding CXX object CMakeFiles/turtlebot3_node_lib.dir/src/devices/sound.cpp.o[0m
[4.973s] [ 57%] [32mBuilding CXX object CMakeFiles/turtlebot3_node_lib.dir/src/dynamixel_sdk_wrapper.cpp.o[0m
[4.973s] [ 64%] [32mBuilding CXX object CMakeFiles/turtlebot3_node_lib.dir/src/turtlebot3.cpp.o[0m
[4.973s] [ 71%] [32mBuilding CXX object CMakeFiles/turtlebot3_node_lib.dir/src/sensors/sensor_state.cpp.o[0m
[4.974s] [ 78%] [32mBuilding CXX object CMakeFiles/turtlebot3_node_lib.dir/src/sensors/joint_state.cpp.o[0m
[16.763s] [ 85%] [32m[1mLinking CXX static library libturtlebot3_node_lib.a[0m
[17.619s] [ 85%] Built target turtlebot3_node_lib
[17.630s] [ 92%] [32mBuilding CXX object CMakeFiles/turtlebot3_ros.dir/src/node_main.cpp.o[0m
[19.643s] [100%] [32m[1mLinking CXX executable turtlebot3_ros[0m
[20.872s] [100%] Built target turtlebot3_ros
[20.888s] Invoked command in '/home/smartlab/tb3/build/turtlebot3_node' returned '0': CMAKE_PREFIX_PATH=${CMAKE_PREFIX_PATH}:/home/smartlab/turtlebot3_ws/install/turtlebot3_teleop:/home/smartlab/turtlebot3_ws/install/turtlebot3_example:/home/smartlab/turtlebot3_ws/install/turtlebot3_dqn:/home/smartlab/wafflepi/install/wafflepi_dqn:/opt/ros/humble /usr/bin/cmake --build /home/smartlab/tb3/build/turtlebot3_node -- -j16 -l16
[20.917s] Invoking command in '/home/smartlab/tb3/build/turtlebot3_node': CMAKE_PREFIX_PATH=${CMAKE_PREFIX_PATH}:/home/smartlab/turtlebot3_ws/install/turtlebot3_teleop:/home/smartlab/turtlebot3_ws/install/turtlebot3_example:/home/smartlab/turtlebot3_ws/install/turtlebot3_dqn:/home/smartlab/wafflepi/install/wafflepi_dqn:/opt/ros/humble /usr/bin/cmake --install /home/smartlab/tb3/build/turtlebot3_node
[20.922s] -- Install configuration: ""
[20.922s] -- Installing: /home/smartlab/tb3/install/turtlebot3_node/share/turtlebot3_node/param
[20.922s] -- Installing: /home/smartlab/tb3/install/turtlebot3_node/share/turtlebot3_node/param/burger.yaml
[20.922s] -- Installing: /home/smartlab/tb3/install/turtlebot3_node/share/turtlebot3_node/param/waffle.yaml
[20.922s] -- Installing: /home/smartlab/tb3/install/turtlebot3_node/share/turtlebot3_node/param/waffle_pi.yaml
[20.922s] -- Installing: /home/smartlab/tb3/install/turtlebot3_node/lib/turtlebot3_node/turtlebot3_ros
[20.929s] -- Set runtime path of "/home/smartlab/tb3/install/turtlebot3_node/lib/turtlebot3_node/turtlebot3_ros" to ""
[20.929s] -- Installing: /home/smartlab/tb3/install/turtlebot3_node/share/ament_index/resource_index/package_run_dependencies/turtlebot3_node
[20.929s] -- Installing: /home/smartlab/tb3/install/turtlebot3_node/share/ament_index/resource_index/parent_prefix_path/turtlebot3_node
[20.929s] -- Installing: /home/smartlab/tb3/install/turtlebot3_node/share/turtlebot3_node/environment/ament_prefix_path.sh
[20.929s] -- Installing: /home/smartlab/tb3/install/turtlebot3_node/share/turtlebot3_node/environment/ament_prefix_path.dsv
[20.929s] -- Installing: /home/smartlab/tb3/install/turtlebot3_node/share/turtlebot3_node/environment/path.sh
[20.930s] -- Installing: /home/smartlab/tb3/install/turtlebot3_node/share/turtlebot3_node/environment/path.dsv
[20.930s] -- Installing: /home/smartlab/tb3/install/turtlebot3_node/share/turtlebot3_node/local_setup.bash
[20.930s] -- Installing: /home/smartlab/tb3/install/turtlebot3_node/share/turtlebot3_node/local_setup.sh
[20.930s] -- Installing: /home/smartlab/tb3/install/turtlebot3_node/share/turtlebot3_node/local_setup.zsh
[20.930s] -- Installing: /home/smartlab/tb3/install/turtlebot3_node/share/turtlebot3_node/local_setup.dsv
[20.930s] -- Installing: /home/smartlab/tb3/install/turtlebot3_node/share/turtlebot3_node/package.dsv
[20.930s] -- Installing: /home/smartlab/tb3/install/turtlebot3_node/share/ament_index/resource_index/packages/turtlebot3_node
[20.930s] -- Installing: /home/smartlab/tb3/install/turtlebot3_node/share/turtlebot3_node/cmake/ament_cmake_export_include_directories-extras.cmake
[20.930s] -- Installing: /home/smartlab/tb3/install/turtlebot3_node/share/turtlebot3_node/cmake/turtlebot3_nodeConfig.cmake
[20.930s] -- Installing: /home/smartlab/tb3/install/turtlebot3_node/share/turtlebot3_node/cmake/turtlebot3_nodeConfig-version.cmake
[20.930s] -- Installing: /home/smartlab/tb3/install/turtlebot3_node/share/turtlebot3_node/package.xml
[20.931s] Invoked command in '/home/smartlab/tb3/build/turtlebot3_node' returned '0': CMAKE_PREFIX_PATH=${CMAKE_PREFIX_PATH}:/home/smartlab/turtlebot3_ws/install/turtlebot3_teleop:/home/smartlab/turtlebot3_ws/install/turtlebot3_example:/home/smartlab/turtlebot3_ws/install/turtlebot3_dqn:/home/smartlab/wafflepi/install/wafflepi_dqn:/opt/ros/humble /usr/bin/cmake --install /home/smartlab/tb3/build/turtlebot3_node
