[2.393s] Invoking command in '/home/smartlab/tb3/src/turtlebot3/turtlebot3_example': PYTHONPATH=/home/smartlab/tb3/build/turtlebot3_example/prefix_override:/home/smartlab/tb3/install/turtlebot3_example/lib/python3.10/site-packages:${PYTHONPATH} /usr/bin/python3 setup.py egg_info --egg-base ../../../build/turtlebot3_example build --build-base /home/smartlab/tb3/build/turtlebot3_example/build install --record /home/smartlab/tb3/build/turtlebot3_example/install.log --single-version-externally-managed
[2.564s] running egg_info
[2.564s] creating ../../../build/turtlebot3_example/turtlebot3_example.egg-info
[2.564s] writing ../../../build/turtlebot3_example/turtlebot3_example.egg-info/PKG-INFO
[2.565s] writing dependency_links to ../../../build/turtlebot3_example/turtlebot3_example.egg-info/dependency_links.txt
[2.565s] writing entry points to ../../../build/turtlebot3_example/turtlebot3_example.egg-info/entry_points.txt
[2.565s] writing requirements to ../../../build/turtlebot3_example/turtlebot3_example.egg-info/requires.txt
[2.565s] writing top-level names to ../../../build/turtlebot3_example/turtlebot3_example.egg-info/top_level.txt
[2.565s] writing manifest file '../../../build/turtlebot3_example/turtlebot3_example.egg-info/SOURCES.txt'
[2.566s] reading manifest file '../../../build/turtlebot3_example/turtlebot3_example.egg-info/SOURCES.txt'
[2.567s] writing manifest file '../../../build/turtlebot3_example/turtlebot3_example.egg-info/SOURCES.txt'
[2.567s] running build
[2.567s] running build_py
[2.567s] creating /home/smartlab/tb3/build/turtlebot3_example/build
[2.567s] creating /home/smartlab/tb3/build/turtlebot3_example/build/lib
[2.567s] creating /home/smartlab/tb3/build/turtlebot3_example/build/lib/turtlebot3_example
[2.567s] copying turtlebot3_example/__init__.py -> /home/smartlab/tb3/build/turtlebot3_example/build/lib/turtlebot3_example
[2.567s] creating /home/smartlab/tb3/build/turtlebot3_example/build/lib/turtlebot3_example/turtlebot3_obstacle_detection
[2.567s] copying turtlebot3_example/turtlebot3_obstacle_detection/__init__.py -> /home/smartlab/tb3/build/turtlebot3_example/build/lib/turtlebot3_example/turtlebot3_obstacle_detection
[2.567s] copying turtlebot3_example/turtlebot3_obstacle_detection/main.py -> /home/smartlab/tb3/build/turtlebot3_example/build/lib/turtlebot3_example/turtlebot3_obstacle_detection
[2.567s] copying turtlebot3_example/turtlebot3_obstacle_detection/turtlebot3_obstacle_detection.py -> /home/smartlab/tb3/build/turtlebot3_example/build/lib/turtlebot3_example/turtlebot3_obstacle_detection
[2.567s] creating /home/smartlab/tb3/build/turtlebot3_example/build/lib/turtlebot3_example/turtlebot3_position_control
[2.567s] copying turtlebot3_example/turtlebot3_position_control/__init__.py -> /home/smartlab/tb3/build/turtlebot3_example/build/lib/turtlebot3_example/turtlebot3_position_control
[2.567s] copying turtlebot3_example/turtlebot3_position_control/main.py -> /home/smartlab/tb3/build/turtlebot3_example/build/lib/turtlebot3_example/turtlebot3_position_control
[2.567s] copying turtlebot3_example/turtlebot3_position_control/turtlebot3_path.py -> /home/smartlab/tb3/build/turtlebot3_example/build/lib/turtlebot3_example/turtlebot3_position_control
[2.567s] copying turtlebot3_example/turtlebot3_position_control/turtlebot3_position_control.py -> /home/smartlab/tb3/build/turtlebot3_example/build/lib/turtlebot3_example/turtlebot3_position_control
[2.568s] creating /home/smartlab/tb3/build/turtlebot3_example/build/lib/turtlebot3_example/turtlebot3_patrol_server
[2.568s] copying turtlebot3_example/turtlebot3_patrol_server/__init__.py -> /home/smartlab/tb3/build/turtlebot3_example/build/lib/turtlebot3_example/turtlebot3_patrol_server
[2.568s] copying turtlebot3_example/turtlebot3_patrol_server/main.py -> /home/smartlab/tb3/build/turtlebot3_example/build/lib/turtlebot3_example/turtlebot3_patrol_server
[2.568s] copying turtlebot3_example/turtlebot3_patrol_server/turtlebot3_path.py -> /home/smartlab/tb3/build/turtlebot3_example/build/lib/turtlebot3_example/turtlebot3_patrol_server
[2.568s] copying turtlebot3_example/turtlebot3_patrol_server/turtlebot3_patrol_server.py -> /home/smartlab/tb3/build/turtlebot3_example/build/lib/turtlebot3_example/turtlebot3_patrol_server
[2.568s] creating /home/smartlab/tb3/build/turtlebot3_example/build/lib/turtlebot3_example/turtlebot3_patrol_client
[2.568s] copying turtlebot3_example/turtlebot3_patrol_client/__init__.py -> /home/smartlab/tb3/build/turtlebot3_example/build/lib/turtlebot3_example/turtlebot3_patrol_client
[2.568s] copying turtlebot3_example/turtlebot3_patrol_client/main.py -> /home/smartlab/tb3/build/turtlebot3_example/build/lib/turtlebot3_example/turtlebot3_patrol_client
[2.568s] copying turtlebot3_example/turtlebot3_patrol_client/turtlebot3_patrol_client.py -> /home/smartlab/tb3/build/turtlebot3_example/build/lib/turtlebot3_example/turtlebot3_patrol_client
[2.568s] running install
[2.568s] running install_lib
[2.569s] creating /home/smartlab/tb3/install/turtlebot3_example/lib/python3.10/site-packages/turtlebot3_example
[2.569s] copying /home/smartlab/tb3/build/turtlebot3_example/build/lib/turtlebot3_example/__init__.py -> /home/smartlab/tb3/install/turtlebot3_example/lib/python3.10/site-packages/turtlebot3_example
[2.569s] creating /home/smartlab/tb3/install/turtlebot3_example/lib/python3.10/site-packages/turtlebot3_example/turtlebot3_obstacle_detection
[2.569s] copying /home/smartlab/tb3/build/turtlebot3_example/build/lib/turtlebot3_example/turtlebot3_obstacle_detection/__init__.py -> /home/smartlab/tb3/install/turtlebot3_example/lib/python3.10/site-packages/turtlebot3_example/turtlebot3_obstacle_detection
[2.569s] copying /home/smartlab/tb3/build/turtlebot3_example/build/lib/turtlebot3_example/turtlebot3_obstacle_detection/main.py -> /home/smartlab/tb3/install/turtlebot3_example/lib/python3.10/site-packages/turtlebot3_example/turtlebot3_obstacle_detection
[2.569s] copying /home/smartlab/tb3/build/turtlebot3_example/build/lib/turtlebot3_example/turtlebot3_obstacle_detection/turtlebot3_obstacle_detection.py -> /home/smartlab/tb3/install/turtlebot3_example/lib/python3.10/site-packages/turtlebot3_example/turtlebot3_obstacle_detection
[2.569s] creating /home/smartlab/tb3/install/turtlebot3_example/lib/python3.10/site-packages/turtlebot3_example/turtlebot3_position_control
[2.569s] copying /home/smartlab/tb3/build/turtlebot3_example/build/lib/turtlebot3_example/turtlebot3_position_control/__init__.py -> /home/smartlab/tb3/install/turtlebot3_example/lib/python3.10/site-packages/turtlebot3_example/turtlebot3_position_control
[2.569s] copying /home/smartlab/tb3/build/turtlebot3_example/build/lib/turtlebot3_example/turtlebot3_position_control/main.py -> /home/smartlab/tb3/install/turtlebot3_example/lib/python3.10/site-packages/turtlebot3_example/turtlebot3_position_control
[2.569s] copying /home/smartlab/tb3/build/turtlebot3_example/build/lib/turtlebot3_example/turtlebot3_position_control/turtlebot3_path.py -> /home/smartlab/tb3/install/turtlebot3_example/lib/python3.10/site-packages/turtlebot3_example/turtlebot3_position_control
[2.569s] copying /home/smartlab/tb3/build/turtlebot3_example/build/lib/turtlebot3_example/turtlebot3_position_control/turtlebot3_position_control.py -> /home/smartlab/tb3/install/turtlebot3_example/lib/python3.10/site-packages/turtlebot3_example/turtlebot3_position_control
[2.569s] creating /home/smartlab/tb3/install/turtlebot3_example/lib/python3.10/site-packages/turtlebot3_example/turtlebot3_patrol_server
[2.569s] copying /home/smartlab/tb3/build/turtlebot3_example/build/lib/turtlebot3_example/turtlebot3_patrol_server/__init__.py -> /home/smartlab/tb3/install/turtlebot3_example/lib/python3.10/site-packages/turtlebot3_example/turtlebot3_patrol_server
[2.569s] copying /home/smartlab/tb3/build/turtlebot3_example/build/lib/turtlebot3_example/turtlebot3_patrol_server/main.py -> /home/smartlab/tb3/install/turtlebot3_example/lib/python3.10/site-packages/turtlebot3_example/turtlebot3_patrol_server
[2.570s] copying /home/smartlab/tb3/build/turtlebot3_example/build/lib/turtlebot3_example/turtlebot3_patrol_server/turtlebot3_path.py -> /home/smartlab/tb3/install/turtlebot3_example/lib/python3.10/site-packages/turtlebot3_example/turtlebot3_patrol_server
[2.570s] copying /home/smartlab/tb3/build/turtlebot3_example/build/lib/turtlebot3_example/turtlebot3_patrol_server/turtlebot3_patrol_server.py -> /home/smartlab/tb3/install/turtlebot3_example/lib/python3.10/site-packages/turtlebot3_example/turtlebot3_patrol_server
[2.570s] creating /home/smartlab/tb3/install/turtlebot3_example/lib/python3.10/site-packages/turtlebot3_example/turtlebot3_patrol_client
[2.570s] copying /home/smartlab/tb3/build/turtlebot3_example/build/lib/turtlebot3_example/turtlebot3_patrol_client/__init__.py -> /home/smartlab/tb3/install/turtlebot3_example/lib/python3.10/site-packages/turtlebot3_example/turtlebot3_patrol_client
[2.570s] copying /home/smartlab/tb3/build/turtlebot3_example/build/lib/turtlebot3_example/turtlebot3_patrol_client/main.py -> /home/smartlab/tb3/install/turtlebot3_example/lib/python3.10/site-packages/turtlebot3_example/turtlebot3_patrol_client
[2.570s] copying /home/smartlab/tb3/build/turtlebot3_example/build/lib/turtlebot3_example/turtlebot3_patrol_client/turtlebot3_patrol_client.py -> /home/smartlab/tb3/install/turtlebot3_example/lib/python3.10/site-packages/turtlebot3_example/turtlebot3_patrol_client
[2.570s] byte-compiling /home/smartlab/tb3/install/turtlebot3_example/lib/python3.10/site-packages/turtlebot3_example/__init__.py to __init__.cpython-310.pyc
[2.570s] byte-compiling /home/smartlab/tb3/install/turtlebot3_example/lib/python3.10/site-packages/turtlebot3_example/turtlebot3_obstacle_detection/__init__.py to __init__.cpython-310.pyc
[2.570s] byte-compiling /home/smartlab/tb3/install/turtlebot3_example/lib/python3.10/site-packages/turtlebot3_example/turtlebot3_obstacle_detection/main.py to main.cpython-310.pyc
[2.570s] byte-compiling /home/smartlab/tb3/install/turtlebot3_example/lib/python3.10/site-packages/turtlebot3_example/turtlebot3_obstacle_detection/turtlebot3_obstacle_detection.py to turtlebot3_obstacle_detection.cpython-310.pyc
[2.571s] byte-compiling /home/smartlab/tb3/install/turtlebot3_example/lib/python3.10/site-packages/turtlebot3_example/turtlebot3_position_control/__init__.py to __init__.cpython-310.pyc
[2.571s] byte-compiling /home/smartlab/tb3/install/turtlebot3_example/lib/python3.10/site-packages/turtlebot3_example/turtlebot3_position_control/main.py to main.cpython-310.pyc
[2.571s] byte-compiling /home/smartlab/tb3/install/turtlebot3_example/lib/python3.10/site-packages/turtlebot3_example/turtlebot3_position_control/turtlebot3_path.py to turtlebot3_path.cpython-310.pyc
[2.571s] byte-compiling /home/smartlab/tb3/install/turtlebot3_example/lib/python3.10/site-packages/turtlebot3_example/turtlebot3_position_control/turtlebot3_position_control.py to turtlebot3_position_control.cpython-310.pyc
[2.572s] byte-compiling /home/smartlab/tb3/install/turtlebot3_example/lib/python3.10/site-packages/turtlebot3_example/turtlebot3_patrol_server/__init__.py to __init__.cpython-310.pyc
[2.572s] byte-compiling /home/smartlab/tb3/install/turtlebot3_example/lib/python3.10/site-packages/turtlebot3_example/turtlebot3_patrol_server/main.py to main.cpython-310.pyc
[2.572s] byte-compiling /home/smartlab/tb3/install/turtlebot3_example/lib/python3.10/site-packages/turtlebot3_example/turtlebot3_patrol_server/turtlebot3_path.py to turtlebot3_path.cpython-310.pyc
[2.572s] byte-compiling /home/smartlab/tb3/install/turtlebot3_example/lib/python3.10/site-packages/turtlebot3_example/turtlebot3_patrol_server/turtlebot3_patrol_server.py to turtlebot3_patrol_server.cpython-310.pyc
[2.573s] byte-compiling /home/smartlab/tb3/install/turtlebot3_example/lib/python3.10/site-packages/turtlebot3_example/turtlebot3_patrol_client/__init__.py to __init__.cpython-310.pyc
[2.573s] byte-compiling /home/smartlab/tb3/install/turtlebot3_example/lib/python3.10/site-packages/turtlebot3_example/turtlebot3_patrol_client/main.py to main.cpython-310.pyc
[2.573s] byte-compiling /home/smartlab/tb3/install/turtlebot3_example/lib/python3.10/site-packages/turtlebot3_example/turtlebot3_patrol_client/turtlebot3_patrol_client.py to turtlebot3_patrol_client.cpython-310.pyc
[2.573s] running install_data
[2.573s] creating /home/smartlab/tb3/install/turtlebot3_example/share/ament_index
[2.573s] creating /home/smartlab/tb3/install/turtlebot3_example/share/ament_index/resource_index
[2.573s] creating /home/smartlab/tb3/install/turtlebot3_example/share/ament_index/resource_index/packages
[2.574s] copying resource/turtlebot3_example -> /home/smartlab/tb3/install/turtlebot3_example/share/ament_index/resource_index/packages
[2.574s] copying package.xml -> /home/smartlab/tb3/install/turtlebot3_example/share/turtlebot3_example
[2.574s] running install_egg_info
[2.575s] Copying ../../../build/turtlebot3_example/turtlebot3_example.egg-info to /home/smartlab/tb3/install/turtlebot3_example/lib/python3.10/site-packages/turtlebot3_example-2.1.5-py3.10.egg-info
[2.575s] running install_scripts
[2.589s] Installing turtlebot3_obstacle_detection script to /home/smartlab/tb3/install/turtlebot3_example/lib/turtlebot3_example
[2.589s] Installing turtlebot3_patrol_client script to /home/smartlab/tb3/install/turtlebot3_example/lib/turtlebot3_example
[2.589s] Installing turtlebot3_patrol_server script to /home/smartlab/tb3/install/turtlebot3_example/lib/turtlebot3_example
[2.589s] Installing turtlebot3_position_control script to /home/smartlab/tb3/install/turtlebot3_example/lib/turtlebot3_example
[2.589s] writing list of installed files to '/home/smartlab/tb3/build/turtlebot3_example/install.log'
[2.640s] Invoked command in '/home/smartlab/tb3/src/turtlebot3/turtlebot3_example' returned '0': PYTHONPATH=/home/smartlab/tb3/build/turtlebot3_example/prefix_override:/home/smartlab/tb3/install/turtlebot3_example/lib/python3.10/site-packages:${PYTHONPATH} /usr/bin/python3 setup.py egg_info --egg-base ../../../build/turtlebot3_example build --build-base /home/smartlab/tb3/build/turtlebot3_example/build install --record /home/smartlab/tb3/build/turtlebot3_example/install.log --single-version-externally-managed
