[0.640s] Invoking command in '/home/smartlab/tb3/build/ld08_driver': CMAKE_PREFIX_PATH=${CMAKE_PREFIX_PATH}:/home/smartlab/turtlebot3_ws/install/turtlebot3_teleop:/home/smartlab/turtlebot3_ws/install/turtlebot3_example:/home/smartlab/turtlebot3_ws/install/turtlebot3_dqn:/home/smartlab/wafflepi/install/wafflepi_dqn:/opt/ros/humble /usr/bin/cmake /home/smartlab/tb3/src/ld08_driver -DCMAKE_INSTALL_PREFIX=/home/smartlab/tb3/install/ld08_driver
[0.677s] -- The C compiler identification is GNU 11.4.0
[0.718s] -- The CXX compiler identification is GNU 11.4.0
[0.724s] -- Detecting C compiler ABI info
[0.780s] -- Detecting C compiler ABI info - done
[0.787s] -- Check for working C compiler: /usr/bin/cc - skipped
[0.787s] -- Detecting C compile features
[0.787s] -- Detecting C compile features - done
[0.790s] -- Detecting CXX compiler ABI info
[0.840s] -- Detecting CXX compiler ABI info - done
[0.845s] -- Check for working CXX compiler: /usr/bin/c++ - skipped
[0.845s] -- Detecting CXX compile features
[0.845s] -- Detecting CXX compile features - done
[0.847s] -- Found ament_cmake: 1.3.6 (/opt/ros/humble/share/ament_cmake/cmake)
[0.964s] -- Found Python3: /usr/bin/python3.10 (found version "3.10.12") found components: Interpreter 
[1.062s] -- Found rclcpp: 16.0.7 (/opt/ros/humble/share/rclcpp/cmake)
[1.663s] -- Found rosidl_generator_c: 3.1.5 (/opt/ros/humble/share/rosidl_generator_c/cmake)
[1.793s] -- Found rosidl_adapter: 3.1.5 (/opt/ros/humble/share/rosidl_adapter/cmake)
[1.847s] -- Found rosidl_generator_cpp: 3.1.5 (/opt/ros/humble/share/rosidl_generator_cpp/cmake)
[1.912s] -- Using all available rosidl_typesupport_c: rosidl_typesupport_fastrtps_c;rosidl_typesupport_introspection_c
[2.017s] -- Using all available rosidl_typesupport_cpp: rosidl_typesupport_fastrtps_cpp;rosidl_typesupport_introspection_cpp
[2.309s] -- Found rmw_implementation_cmake: 6.1.1 (/opt/ros/humble/share/rmw_implementation_cmake/cmake)
[2.313s] -- Found rmw_fastrtps_cpp: 6.2.5 (/opt/ros/humble/share/rmw_fastrtps_cpp/cmake)
[2.468s] -- Found OpenSSL: /usr/lib/x86_64-linux-gnu/libcrypto.so (found version "3.0.2")  
[2.489s] -- Found FastRTPS: /opt/ros/humble/include  
[2.520s] -- Using RMW implementation 'rmw_fastrtps_cpp' as default
[2.596s] -- Looking for pthread.h
[2.732s] -- Looking for pthread.h - found
[2.732s] -- Performing Test CMAKE_HAVE_LIBC_PTHREAD
[2.775s] -- Performing Test CMAKE_HAVE_LIBC_PTHREAD - Success
[2.775s] -- Found Threads: TRUE  
[2.976s] -- Found sensor_msgs: 4.2.3 (/opt/ros/humble/share/sensor_msgs/cmake)
[3.140s] -- Found Boost: /usr/lib/x86_64-linux-gnu/cmake/Boost-1.74.0/BoostConfig.cmake (found version "1.74.0") found components: system 
[3.183s] -- Found ament_lint_auto: 0.12.9 (/opt/ros/humble/share/ament_lint_auto/cmake)
[3.280s] -- Configuring done
[3.304s] -- Generating done
[3.304s] -- Build files have been written to: /home/smartlab/tb3/build/ld08_driver
[3.310s] Invoked command in '/home/smartlab/tb3/build/ld08_driver' returned '0': CMAKE_PREFIX_PATH=${CMAKE_PREFIX_PATH}:/home/smartlab/turtlebot3_ws/install/turtlebot3_teleop:/home/smartlab/turtlebot3_ws/install/turtlebot3_example:/home/smartlab/turtlebot3_ws/install/turtlebot3_dqn:/home/smartlab/wafflepi/install/wafflepi_dqn:/opt/ros/humble /usr/bin/cmake /home/smartlab/tb3/src/ld08_driver -DCMAKE_INSTALL_PREFIX=/home/smartlab/tb3/install/ld08_driver
[3.311s] Invoking command in '/home/smartlab/tb3/build/ld08_driver': CMAKE_PREFIX_PATH=${CMAKE_PREFIX_PATH}:/home/smartlab/turtlebot3_ws/install/turtlebot3_teleop:/home/smartlab/turtlebot3_ws/install/turtlebot3_example:/home/smartlab/turtlebot3_ws/install/turtlebot3_dqn:/home/smartlab/wafflepi/install/wafflepi_dqn:/opt/ros/humble /usr/bin/cmake --build /home/smartlab/tb3/build/ld08_driver -- -j16 -l16
[3.339s] [ 83%] [32mBuilding CXX object CMakeFiles/ld08_driver.dir/src/lipkg.cpp.o[0m
[3.340s] [ 83%] [32mBuilding CXX object CMakeFiles/ld08_driver.dir/src/transform.cpp.o[0m
[3.340s] [ 83%] [32mBuilding CXX object CMakeFiles/ld08_driver.dir/src/cmd_interface_linux.cpp.o[0m
[3.340s] [ 83%] [32mBuilding CXX object CMakeFiles/ld08_driver.dir/src/slbf.cpp.o[0m
[3.340s] [ 83%] [32mBuilding CXX object CMakeFiles/ld08_driver.dir/src/main.cpp.o[0m
[8.269s] [01m[K/home/smartlab/tb3/src/ld08_driver/src/transform.cpp:[m[K In constructor ‘[01m[KSlTransform::SlTransform(LDVersion, bool)[m[K’:
[8.269s] [01m[K/home/smartlab/tb3/src/ld08_driver/src/transform.cpp:30:50:[m[K [01;35m[Kwarning: [m[Kunused parameter ‘[01m[Kto_right_hand[m[K’ [[01;35m[K]8;;https://gcc.gnu.org/onlinedocs/gcc/Warning-Options.html#index-Wunused-parameter-Wunused-parameter]8;;[m[K]
[8.269s]    30 | SlTransform::SlTransform(LDVersion version, [01;35m[Kbool to_right_hand[m[K)
[8.269s]       |                                             [01;35m[K~~~~~^~~~~~~~~~~~~[m[K
[10.293s] [100%] [32m[1mLinking CXX executable ld08_driver[0m
[10.429s] [100%] Built target ld08_driver
[10.436s] Invoked command in '/home/smartlab/tb3/build/ld08_driver' returned '0': CMAKE_PREFIX_PATH=${CMAKE_PREFIX_PATH}:/home/smartlab/turtlebot3_ws/install/turtlebot3_teleop:/home/smartlab/turtlebot3_ws/install/turtlebot3_example:/home/smartlab/turtlebot3_ws/install/turtlebot3_dqn:/home/smartlab/wafflepi/install/wafflepi_dqn:/opt/ros/humble /usr/bin/cmake --build /home/smartlab/tb3/build/ld08_driver -- -j16 -l16
[10.458s] Invoking command in '/home/smartlab/tb3/build/ld08_driver': CMAKE_PREFIX_PATH=${CMAKE_PREFIX_PATH}:/home/smartlab/turtlebot3_ws/install/turtlebot3_teleop:/home/smartlab/turtlebot3_ws/install/turtlebot3_example:/home/smartlab/turtlebot3_ws/install/turtlebot3_dqn:/home/smartlab/wafflepi/install/wafflepi_dqn:/opt/ros/humble /usr/bin/cmake --install /home/smartlab/tb3/build/ld08_driver
[10.463s] -- Install configuration: ""
[10.463s] -- Installing: /home/smartlab/tb3/install/ld08_driver/share/ld08_driver/launch
[10.463s] -- Installing: /home/smartlab/tb3/install/ld08_driver/share/ld08_driver/launch/ld08.launch.py
[10.463s] -- Installing: /home/smartlab/tb3/install/ld08_driver/lib/ld08_driver/ld08_driver
[10.464s] -- Set runtime path of "/home/smartlab/tb3/install/ld08_driver/lib/ld08_driver/ld08_driver" to ""
[10.464s] -- Installing: /home/smartlab/tb3/install/ld08_driver/share/ament_index/resource_index/package_run_dependencies/ld08_driver
[10.464s] -- Installing: /home/smartlab/tb3/install/ld08_driver/share/ament_index/resource_index/parent_prefix_path/ld08_driver
[10.464s] -- Installing: /home/smartlab/tb3/install/ld08_driver/share/ld08_driver/environment/ament_prefix_path.sh
[10.464s] -- Installing: /home/smartlab/tb3/install/ld08_driver/share/ld08_driver/environment/ament_prefix_path.dsv
[10.464s] -- Installing: /home/smartlab/tb3/install/ld08_driver/share/ld08_driver/environment/path.sh
[10.465s] -- Installing: /home/smartlab/tb3/install/ld08_driver/share/ld08_driver/environment/path.dsv
[10.465s] -- Installing: /home/smartlab/tb3/install/ld08_driver/share/ld08_driver/local_setup.bash
[10.465s] -- Installing: /home/smartlab/tb3/install/ld08_driver/share/ld08_driver/local_setup.sh
[10.465s] -- Installing: /home/smartlab/tb3/install/ld08_driver/share/ld08_driver/local_setup.zsh
[10.465s] -- Installing: /home/smartlab/tb3/install/ld08_driver/share/ld08_driver/local_setup.dsv
[10.465s] -- Installing: /home/smartlab/tb3/install/ld08_driver/share/ld08_driver/package.dsv
[10.465s] -- Installing: /home/smartlab/tb3/install/ld08_driver/share/ament_index/resource_index/packages/ld08_driver
[10.465s] -- Installing: /home/smartlab/tb3/install/ld08_driver/share/ld08_driver/cmake/ament_cmake_export_dependencies-extras.cmake
[10.465s] -- Installing: /home/smartlab/tb3/install/ld08_driver/share/ld08_driver/cmake/ament_cmake_export_include_directories-extras.cmake
[10.465s] -- Installing: /home/smartlab/tb3/install/ld08_driver/share/ld08_driver/cmake/ld08_driverConfig.cmake
[10.465s] -- Installing: /home/smartlab/tb3/install/ld08_driver/share/ld08_driver/cmake/ld08_driverConfig-version.cmake
[10.465s] -- Installing: /home/smartlab/tb3/install/ld08_driver/share/ld08_driver/package.xml
[10.467s] Invoked command in '/home/smartlab/tb3/build/ld08_driver' returned '0': CMAKE_PREFIX_PATH=${CMAKE_PREFIX_PATH}:/home/smartlab/turtlebot3_ws/install/turtlebot3_teleop:/home/smartlab/turtlebot3_ws/install/turtlebot3_example:/home/smartlab/turtlebot3_ws/install/turtlebot3_dqn:/home/smartlab/wafflepi/install/wafflepi_dqn:/opt/ros/humble /usr/bin/cmake --install /home/smartlab/tb3/build/ld08_driver
