[0.446s] Invoking command in '/home/smartlab/tb3/build/turtlebot3_description': CMAKE_PREFIX_PATH=${CMAKE_PREFIX_PATH}:/home/smartlab/turtlebot3_ws/install/turtlebot3_teleop:/home/smartlab/turtlebot3_ws/install/turtlebot3_example:/home/smartlab/turtlebot3_ws/install/turtlebot3_dqn:/home/smartlab/wafflepi/install/wafflepi_dqn:/opt/ros/humble /usr/bin/cmake /home/smartlab/tb3/src/turtlebot3/turtlebot3_description -DCMAKE_INSTALL_PREFIX=/home/smartlab/tb3/install/turtlebot3_description
[1.017s] -- The C compiler identification is GNU 11.4.0
[1.018s] -- The CXX compiler identification is GNU 11.4.0
[1.018s] -- Detecting C compiler ABI info
[1.018s] -- Detecting C compiler ABI info - done
[1.018s] -- Check for working C compiler: /usr/bin/cc - skipped
[1.018s] -- Detecting C compile features
[1.018s] -- Detecting C compile features - done
[1.018s] -- Detecting CXX compiler ABI info
[1.018s] -- Detecting CXX compiler ABI info - done
[1.018s] -- Check for working CXX compiler: /usr/bin/c++ - skipped
[1.018s] -- Detecting CXX compile features
[1.018s] -- Detecting CXX compile features - done
[1.018s] -- Found ament_cmake: 1.3.6 (/opt/ros/humble/share/ament_cmake/cmake)
[1.094s] -- Found Python3: /usr/bin/python3.10 (found version "3.10.12") found components: Interpreter 
[1.534s] -- Found urdf: 2.6.0 (/opt/ros/humble/share/urdf/cmake)
[2.212s] -- Configuring done
[2.213s] -- Generating done
[2.214s] -- Build files have been written to: /home/smartlab/tb3/build/turtlebot3_description
[2.218s] Invoked command in '/home/smartlab/tb3/build/turtlebot3_description' returned '0': CMAKE_PREFIX_PATH=${CMAKE_PREFIX_PATH}:/home/smartlab/turtlebot3_ws/install/turtlebot3_teleop:/home/smartlab/turtlebot3_ws/install/turtlebot3_example:/home/smartlab/turtlebot3_ws/install/turtlebot3_dqn:/home/smartlab/wafflepi/install/wafflepi_dqn:/opt/ros/humble /usr/bin/cmake /home/smartlab/tb3/src/turtlebot3/turtlebot3_description -DCMAKE_INSTALL_PREFIX=/home/smartlab/tb3/install/turtlebot3_description
[2.219s] Invoking command in '/home/smartlab/tb3/build/turtlebot3_description': CMAKE_PREFIX_PATH=${CMAKE_PREFIX_PATH}:/home/smartlab/turtlebot3_ws/install/turtlebot3_teleop:/home/smartlab/turtlebot3_ws/install/turtlebot3_example:/home/smartlab/turtlebot3_ws/install/turtlebot3_dqn:/home/smartlab/wafflepi/install/wafflepi_dqn:/opt/ros/humble /usr/bin/cmake --build /home/smartlab/tb3/build/turtlebot3_description -- -j16 -l16
[2.242s] Invoked command in '/home/smartlab/tb3/build/turtlebot3_description' returned '0': CMAKE_PREFIX_PATH=${CMAKE_PREFIX_PATH}:/home/smartlab/turtlebot3_ws/install/turtlebot3_teleop:/home/smartlab/turtlebot3_ws/install/turtlebot3_example:/home/smartlab/turtlebot3_ws/install/turtlebot3_dqn:/home/smartlab/wafflepi/install/wafflepi_dqn:/opt/ros/humble /usr/bin/cmake --build /home/smartlab/tb3/build/turtlebot3_description -- -j16 -l16
[2.256s] Invoking command in '/home/smartlab/tb3/build/turtlebot3_description': CMAKE_PREFIX_PATH=${CMAKE_PREFIX_PATH}:/home/smartlab/turtlebot3_ws/install/turtlebot3_teleop:/home/smartlab/turtlebot3_ws/install/turtlebot3_example:/home/smartlab/turtlebot3_ws/install/turtlebot3_dqn:/home/smartlab/wafflepi/install/wafflepi_dqn:/opt/ros/humble /usr/bin/cmake --install /home/smartlab/tb3/build/turtlebot3_description
[2.260s] -- Install configuration: ""
[2.260s] -- Installing: /home/smartlab/tb3/install/turtlebot3_description/share/turtlebot3_description/meshes
[2.260s] -- Installing: /home/smartlab/tb3/install/turtlebot3_description/share/turtlebot3_description/meshes/sensors
[2.260s] -- Installing: /home/smartlab/tb3/install/turtlebot3_description/share/turtlebot3_description/meshes/sensors/astra.dae
[2.265s] -- Installing: /home/smartlab/tb3/install/turtlebot3_description/share/turtlebot3_description/meshes/sensors/r200.dae
[2.265s] -- Installing: /home/smartlab/tb3/install/turtlebot3_description/share/turtlebot3_description/meshes/sensors/lds.stl
[2.266s] -- Installing: /home/smartlab/tb3/install/turtlebot3_description/share/turtlebot3_description/meshes/sensors/astra.jpg
[2.266s] -- Installing: /home/smartlab/tb3/install/turtlebot3_description/share/turtlebot3_description/meshes/sensors/r200.jpg
[2.266s] -- Installing: /home/smartlab/tb3/install/turtlebot3_description/share/turtlebot3_description/meshes/bases
[2.266s] -- Installing: /home/smartlab/tb3/install/turtlebot3_description/share/turtlebot3_description/meshes/bases/waffle_base.stl
[2.275s] -- Installing: /home/smartlab/tb3/install/turtlebot3_description/share/turtlebot3_description/meshes/bases/burger_base.stl
[2.277s] -- Installing: /home/smartlab/tb3/install/turtlebot3_description/share/turtlebot3_description/meshes/bases/waffle_pi_base.stl
[2.282s] -- Installing: /home/smartlab/tb3/install/turtlebot3_description/share/turtlebot3_description/meshes/wheels
[2.282s] -- Installing: /home/smartlab/tb3/install/turtlebot3_description/share/turtlebot3_description/meshes/wheels/right_tire.stl
[2.282s] -- Installing: /home/smartlab/tb3/install/turtlebot3_description/share/turtlebot3_description/meshes/wheels/left_tire.stl
[2.283s] -- Installing: /home/smartlab/tb3/install/turtlebot3_description/share/turtlebot3_description/rviz
[2.283s] -- Installing: /home/smartlab/tb3/install/turtlebot3_description/share/turtlebot3_description/rviz/model.rviz
[2.283s] -- Installing: /home/smartlab/tb3/install/turtlebot3_description/share/turtlebot3_description/urdf
[2.283s] -- Installing: /home/smartlab/tb3/install/turtlebot3_description/share/turtlebot3_description/urdf/turtlebot3_waffle.urdf
[2.283s] -- Installing: /home/smartlab/tb3/install/turtlebot3_description/share/turtlebot3_description/urdf/turtlebot3_burger.urdf
[2.283s] -- Installing: /home/smartlab/tb3/install/turtlebot3_description/share/turtlebot3_description/urdf/turtlebot3_waffle_pi.urdf
[2.283s] -- Installing: /home/smartlab/tb3/install/turtlebot3_description/share/turtlebot3_description/urdf/common_properties.urdf
[2.283s] -- Installing: /home/smartlab/tb3/install/turtlebot3_description/share/ament_index/resource_index/package_run_dependencies/turtlebot3_description
[2.283s] -- Installing: /home/smartlab/tb3/install/turtlebot3_description/share/ament_index/resource_index/parent_prefix_path/turtlebot3_description
[2.283s] -- Installing: /home/smartlab/tb3/install/turtlebot3_description/share/turtlebot3_description/environment/ament_prefix_path.sh
[2.283s] -- Installing: /home/smartlab/tb3/install/turtlebot3_description/share/turtlebot3_description/environment/ament_prefix_path.dsv
[2.283s] -- Installing: /home/smartlab/tb3/install/turtlebot3_description/share/turtlebot3_description/environment/path.sh
[2.283s] -- Installing: /home/smartlab/tb3/install/turtlebot3_description/share/turtlebot3_description/environment/path.dsv
[2.284s] -- Installing: /home/smartlab/tb3/install/turtlebot3_description/share/turtlebot3_description/local_setup.bash
[2.284s] -- Installing: /home/smartlab/tb3/install/turtlebot3_description/share/turtlebot3_description/local_setup.sh
[2.284s] -- Installing: /home/smartlab/tb3/install/turtlebot3_description/share/turtlebot3_description/local_setup.zsh
[2.284s] -- Installing: /home/smartlab/tb3/install/turtlebot3_description/share/turtlebot3_description/local_setup.dsv
[2.284s] -- Installing: /home/smartlab/tb3/install/turtlebot3_description/share/turtlebot3_description/package.dsv
[2.284s] -- Installing: /home/smartlab/tb3/install/turtlebot3_description/share/ament_index/resource_index/packages/turtlebot3_description
[2.284s] -- Installing: /home/smartlab/tb3/install/turtlebot3_description/share/turtlebot3_description/cmake/turtlebot3_descriptionConfig.cmake
[2.284s] -- Installing: /home/smartlab/tb3/install/turtlebot3_description/share/turtlebot3_description/cmake/turtlebot3_descriptionConfig-version.cmake
[2.284s] -- Installing: /home/smartlab/tb3/install/turtlebot3_description/share/turtlebot3_description/package.xml
[2.285s] Invoked command in '/home/smartlab/tb3/build/turtlebot3_description' returned '0': CMAKE_PREFIX_PATH=${CMAKE_PREFIX_PATH}:/home/smartlab/turtlebot3_ws/install/turtlebot3_teleop:/home/smartlab/turtlebot3_ws/install/turtlebot3_example:/home/smartlab/turtlebot3_ws/install/turtlebot3_dqn:/home/smartlab/wafflepi/install/wafflepi_dqn:/opt/ros/humble /usr/bin/cmake --install /home/smartlab/tb3/build/turtlebot3_description
