[2.276s] Invoking command in '/home/smartlab/tb3/src/turtlebot3/turtlebot3_teleop': PYTHONPATH=/home/smartlab/tb3/build/turtlebot3_teleop/prefix_override:/home/smartlab/tb3/install/turtlebot3_teleop/lib/python3.10/site-packages:${PYTHONPATH} /usr/bin/python3 setup.py egg_info --egg-base ../../../build/turtlebot3_teleop build --build-base /home/smartlab/tb3/build/turtlebot3_teleop/build install --record /home/smartlab/tb3/build/turtlebot3_teleop/install.log --single-version-externally-managed
[2.446s] running egg_info
[2.446s] creating ../../../build/turtlebot3_teleop/turtlebot3_teleop.egg-info
[2.446s] writing ../../../build/turtlebot3_teleop/turtlebot3_teleop.egg-info/PKG-INFO
[2.446s] writing dependency_links to ../../../build/turtlebot3_teleop/turtlebot3_teleop.egg-info/dependency_links.txt
[2.446s] writing entry points to ../../../build/turtlebot3_teleop/turtlebot3_teleop.egg-info/entry_points.txt
[2.447s] writing requirements to ../../../build/turtlebot3_teleop/turtlebot3_teleop.egg-info/requires.txt
[2.447s] writing top-level names to ../../../build/turtlebot3_teleop/turtlebot3_teleop.egg-info/top_level.txt
[2.447s] writing manifest file '../../../build/turtlebot3_teleop/turtlebot3_teleop.egg-info/SOURCES.txt'
[2.448s] reading manifest file '../../../build/turtlebot3_teleop/turtlebot3_teleop.egg-info/SOURCES.txt'
[2.448s] writing manifest file '../../../build/turtlebot3_teleop/turtlebot3_teleop.egg-info/SOURCES.txt'
[2.448s] running build
[2.448s] running build_py
[2.448s] creating /home/smartlab/tb3/build/turtlebot3_teleop/build
[2.448s] creating /home/smartlab/tb3/build/turtlebot3_teleop/build/lib
[2.448s] creating /home/smartlab/tb3/build/turtlebot3_teleop/build/lib/turtlebot3_teleop
[2.448s] copying turtlebot3_teleop/__init__.py -> /home/smartlab/tb3/build/turtlebot3_teleop/build/lib/turtlebot3_teleop
[2.449s] creating /home/smartlab/tb3/build/turtlebot3_teleop/build/lib/turtlebot3_teleop/script
[2.449s] copying turtlebot3_teleop/script/__init__.py -> /home/smartlab/tb3/build/turtlebot3_teleop/build/lib/turtlebot3_teleop/script
[2.449s] copying turtlebot3_teleop/script/teleop_keyboard.py -> /home/smartlab/tb3/build/turtlebot3_teleop/build/lib/turtlebot3_teleop/script
[2.449s] running install
[2.449s] running install_lib
[2.449s] creating /home/smartlab/tb3/install/turtlebot3_teleop/lib/python3.10/site-packages/turtlebot3_teleop
[2.449s] copying /home/smartlab/tb3/build/turtlebot3_teleop/build/lib/turtlebot3_teleop/__init__.py -> /home/smartlab/tb3/install/turtlebot3_teleop/lib/python3.10/site-packages/turtlebot3_teleop
[2.449s] creating /home/smartlab/tb3/install/turtlebot3_teleop/lib/python3.10/site-packages/turtlebot3_teleop/script
[2.449s] copying /home/smartlab/tb3/build/turtlebot3_teleop/build/lib/turtlebot3_teleop/script/__init__.py -> /home/smartlab/tb3/install/turtlebot3_teleop/lib/python3.10/site-packages/turtlebot3_teleop/script
[2.449s] copying /home/smartlab/tb3/build/turtlebot3_teleop/build/lib/turtlebot3_teleop/script/teleop_keyboard.py -> /home/smartlab/tb3/install/turtlebot3_teleop/lib/python3.10/site-packages/turtlebot3_teleop/script
[2.450s] byte-compiling /home/smartlab/tb3/install/turtlebot3_teleop/lib/python3.10/site-packages/turtlebot3_teleop/__init__.py to __init__.cpython-310.pyc
[2.450s] byte-compiling /home/smartlab/tb3/install/turtlebot3_teleop/lib/python3.10/site-packages/turtlebot3_teleop/script/__init__.py to __init__.cpython-310.pyc
[2.450s] byte-compiling /home/smartlab/tb3/install/turtlebot3_teleop/lib/python3.10/site-packages/turtlebot3_teleop/script/teleop_keyboard.py to teleop_keyboard.cpython-310.pyc
[2.451s] running install_data
[2.451s] creating /home/smartlab/tb3/install/turtlebot3_teleop/share/ament_index
[2.451s] creating /home/smartlab/tb3/install/turtlebot3_teleop/share/ament_index/resource_index
[2.451s] creating /home/smartlab/tb3/install/turtlebot3_teleop/share/ament_index/resource_index/packages
[2.451s] copying resource/turtlebot3_teleop -> /home/smartlab/tb3/install/turtlebot3_teleop/share/ament_index/resource_index/packages
[2.451s] copying package.xml -> /home/smartlab/tb3/install/turtlebot3_teleop/share/turtlebot3_teleop
[2.451s] running install_egg_info
[2.452s] Copying ../../../build/turtlebot3_teleop/turtlebot3_teleop.egg-info to /home/smartlab/tb3/install/turtlebot3_teleop/lib/python3.10/site-packages/turtlebot3_teleop-2.1.5-py3.10.egg-info
[2.453s] running install_scripts
[2.465s] Installing teleop_keyboard script to /home/smartlab/tb3/install/turtlebot3_teleop/lib/turtlebot3_teleop
[2.466s] writing list of installed files to '/home/smartlab/tb3/build/turtlebot3_teleop/install.log'
[2.485s] Invoked command in '/home/smartlab/tb3/src/turtlebot3/turtlebot3_teleop' returned '0': PYTHONPATH=/home/smartlab/tb3/build/turtlebot3_teleop/prefix_override:/home/smartlab/tb3/install/turtlebot3_teleop/lib/python3.10/site-packages:${PYTHONPATH} /usr/bin/python3 setup.py egg_info --egg-base ../../../build/turtlebot3_teleop build --build-base /home/smartlab/tb3/build/turtlebot3_teleop/build install --record /home/smartlab/tb3/build/turtlebot3_teleop/install.log --single-version-externally-managed
